{"/home/dev/NHK/OJT/Nest/nest-test/test-project/src/app.controller.ts": {"path":"/home/dev/NHK/OJT/Nest/nest-test/test-project/src/app.controller.ts","statementMap":{"0":{"start":{"line":1,"column":0},"end":{"line":1,"column":49}},"1":{"start":{"line":4,"column":0},"end":{"line":9,"column":null}},"2":{"start":{"line":7,"column":8},"end":{"line":7,"column":null}},"3":{"start":{"line":6,"column":4},"end":{"line":8,"column":null}},"4":{"start":{"line":4,"column":13},"end":{"line":9,"column":null}},"5":{"start":{"line":4,"column":13},"end":{"line":4,"column":26}}},"fnMap":{"0":{"name":"(anonymous_2)","decl":{"start":{"line":6,"column":4},"end":{"line":6,"column":8}},"loc":{"start":{"line":6,"column":8},"end":{"line":8,"column":5}}}},"branchMap":{},"s":{"0":0,"1":0,"2":0,"3":0,"4":0,"5":0},"f":{"0":0},"b":{}}
,"/home/dev/NHK/OJT/Nest/nest-test/test-project/src/app.module.ts": {"path":"/home/dev/NHK/OJT/Nest/nest-test/test-project/src/app.module.ts","statementMap":{"0":{"start":{"line":1,"column":0},"end":{"line":1,"column":40}},"1":{"start":{"line":2,"column":0},"end":{"line":2,"column":54}},"2":{"start":{"line":3,"column":0},"end":{"line":3,"column":49}},"3":{"start":{"line":12,"column":0},"end":{"line":12,"column":null}},"4":{"start":{"line":12,"column":13},"end":{"line":12,"column":null}},"5":{"start":{"line":12,"column":13},"end":{"line":12,"column":22}}},"fnMap":{},"branchMap":{},"s":{"0":0,"1":0,"2":0,"3":0,"4":0,"5":0},"f":{},"b":{}}
,"/home/dev/NHK/OJT/Nest/nest-test/test-project/src/main.ts": {"path":"/home/dev/NHK/OJT/Nest/nest-test/test-project/src/main.ts","statementMap":{"0":{"start":{"line":1,"column":0},"end":{"line":1,"column":48}},"1":{"start":{"line":2,"column":0},"end":{"line":2,"column":43}},"2":{"start":{"line":3,"column":0},"end":{"line":3,"column":41}},"3":{"start":{"line":6,"column":14},"end":{"line":6,"column":49}},"4":{"start":{"line":7,"column":2},"end":{"line":13,"column":4}},"5":{"start":{"line":14,"column":2},"end":{"line":14,"column":26}},"6":{"start":{"line":17,"column":0},"end":{"line":17,"column":12}}},"fnMap":{"0":{"name":"bootstrap","decl":{"start":{"line":5,"column":15},"end":{"line":5,"column":24}},"loc":{"start":{"line":5,"column":24},"end":{"line":16,"column":1}}}},"branchMap":{},"s":{"0":0,"1":0,"2":0,"3":0,"4":0,"5":0,"6":0},"f":{"0":0},"b":{}}
,"/home/dev/NHK/OJT/Nest/nest-test/test-project/src/dto/create-movie.dto.ts": {"path":"/home/dev/NHK/OJT/Nest/nest-test/test-project/src/dto/create-movie.dto.ts","statementMap":{"0":{"start":{"line":1,"column":0},"end":{"line":1,"column":65}},"1":{"start":{"line":4,"column":1},"end":{"line":4,"column":null}},"2":{"start":{"line":6,"column":1},"end":{"line":6,"column":null}},"3":{"start":{"line":10,"column":1},"end":{"line":10,"column":null}},"4":{"start":{"line":2,"column":0},"end":{"line":2,"column":13}}},"fnMap":{},"branchMap":{},"s":{"0":0,"1":0,"2":0,"3":0,"4":0},"f":{},"b":{}}
,"/home/dev/NHK/OJT/Nest/nest-test/test-project/src/dto/update-movie.dto.ts": {"path":"/home/dev/NHK/OJT/Nest/nest-test/test-project/src/dto/update-movie.dto.ts","statementMap":{"0":{"start":{"line":1,"column":0},"end":{"line":1,"column":51}},"1":{"start":{"line":3,"column":0},"end":{"line":3,"column":52}},"2":{"start":{"line":5,"column":0},"end":{"line":5,"column":13}}},"fnMap":{},"branchMap":{},"s":{"0":0,"1":0,"2":0},"f":{},"b":{}}
,"/home/dev/NHK/OJT/Nest/nest-test/test-project/src/movies/movies.controller.ts": {"path":"/home/dev/NHK/OJT/Nest/nest-test/test-project/src/movies/movies.controller.ts","statementMap":{"0":{"start":{"line":1,"column":0},"end":{"line":1,"column":95}},"1":{"start":{"line":2,"column":0},"end":{"line":2,"column":58}},"2":{"start":{"line":3,"column":0},"end":{"line":3,"column":58}},"3":{"start":{"line":4,"column":0},"end":{"line":4,"column":48}},"4":{"start":{"line":5,"column":0},"end":{"line":5,"column":49}},"5":{"start":{"line":8,"column":0},"end":{"line":39,"column":null}},"6":{"start":{"line":10,"column":25},"end":{"line":10,"column":40}},"7":{"start":{"line":14,"column":8},"end":{"line":14,"column":42}},"8":{"start":{"line":19,"column":8},"end":{"line":19,"column":36}},"9":{"start":{"line":20,"column":8},"end":{"line":20,"column":50}},"10":{"start":{"line":26,"column":8},"end":{"line":26,"column":51}},"11":{"start":{"line":31,"column":8},"end":{"line":31,"column":52}},"12":{"start":{"line":36,"column":8},"end":{"line":36,"column":61}},"13":{"start":{"line":13,"column":4},"end":{"line":15,"column":null}},"14":{"start":{"line":18,"column":4},"end":{"line":21,"column":null}},"15":{"start":{"line":24,"column":4},"end":{"line":27,"column":null}},"16":{"start":{"line":30,"column":4},"end":{"line":32,"column":null}},"17":{"start":{"line":35,"column":4},"end":{"line":37,"column":null}},"18":{"start":{"line":8,"column":13},"end":{"line":39,"column":null}},"19":{"start":{"line":8,"column":13},"end":{"line":8,"column":29}}},"fnMap":{"0":{"name":"(anonymous_4)","decl":{"start":{"line":10,"column":4},"end":{"line":10,"column":25}},"loc":{"start":{"line":10,"column":53},"end":{"line":10,"column":57}}},"1":{"name":"(anonymous_5)","decl":{"start":{"line":13,"column":4},"end":{"line":13,"column":10}},"loc":{"start":{"line":13,"column":10},"end":{"line":15,"column":5}}},"2":{"name":"(anonymous_6)","decl":{"start":{"line":18,"column":4},"end":{"line":18,"column":10}},"loc":{"start":{"line":18,"column":39},"end":{"line":21,"column":5}}},"3":{"name":"(anonymous_7)","decl":{"start":{"line":24,"column":4},"end":{"line":24,"column":10}},"loc":{"start":{"line":24,"column":45},"end":{"line":27,"column":5}}},"4":{"name":"(anonymous_8)","decl":{"start":{"line":30,"column":4},"end":{"line":30,"column":10}},"loc":{"start":{"line":30,"column":40},"end":{"line":32,"column":5}}},"5":{"name":"(anonymous_9)","decl":{"start":{"line":35,"column":4},"end":{"line":35,"column":9}},"loc":{"start":{"line":35,"column":76},"end":{"line":37,"column":5}}}},"branchMap":{},"s":{"0":0,"1":0,"2":0,"3":0,"4":0,"5":0,"6":0,"7":0,"8":0,"9":0,"10":0,"11":0,"12":0,"13":0,"14":0,"15":0,"16":0,"17":0,"18":0,"19":0},"f":{"0":0,"1":0,"2":0,"3":0,"4":0,"5":0},"b":{}}
,"/home/dev/NHK/OJT/Nest/nest-test/test-project/src/movies/movies.module.ts": {"path":"/home/dev/NHK/OJT/Nest/nest-test/test-project/src/movies/movies.module.ts","statementMap":{"0":{"start":{"line":1,"column":0},"end":{"line":1,"column":40}},"1":{"start":{"line":2,"column":0},"end":{"line":2,"column":55}},"2":{"start":{"line":3,"column":0},"end":{"line":3,"column":49}},"3":{"start":{"line":10,"column":0},"end":{"line":10,"column":null}},"4":{"start":{"line":10,"column":13},"end":{"line":10,"column":null}},"5":{"start":{"line":10,"column":13},"end":{"line":10,"column":25}}},"fnMap":{},"branchMap":{},"s":{"0":0,"1":0,"2":0,"3":0,"4":0,"5":0},"f":{},"b":{}}
,"/home/dev/NHK/OJT/Nest/nest-test/test-project/src/movies/movies.service.ts": {"path":"/home/dev/NHK/OJT/Nest/nest-test/test-project/src/movies/movies.service.ts","statementMap":{"0":{"start":{"line":1,"column":0},"end":{"line":1,"column":63}},"1":{"start":{"line":7,"column":0},"end":{"line":39,"column":null}},"2":{"start":{"line":8,"column":12},"end":{"line":8,"column":33}},"3":{"start":{"line":11,"column":8},"end":{"line":11,"column":27}},"4":{"start":{"line":15,"column":22},"end":{"line":15,"column":65}},"5":{"start":{"line":15,"column":48},"end":{"line":15,"column":64}},"6":{"start":{"line":16,"column":8},"end":{"line":18,"column":null}},"7":{"start":{"line":17,"column":12},"end":{"line":17,"column":76}},"8":{"start":{"line":19,"column":8},"end":{"line":19,"column":21}},"9":{"start":{"line":23,"column":8},"end":{"line":23,"column":24}},"10":{"start":{"line":24,"column":8},"end":{"line":24,"column":67}},"11":{"start":{"line":24,"column":50},"end":{"line":24,"column":65}},"12":{"start":{"line":28,"column":8},"end":{"line":31,"column":11}},"13":{"start":{"line":35,"column":18},"end":{"line":35,"column":33}},"14":{"start":{"line":36,"column":4},"end":{"line":36,"column":23}},"15":{"start":{"line":37,"column":4},"end":{"line":37,"column":50}},"16":{"start":{"line":7,"column":13},"end":{"line":39,"column":null}},"17":{"start":{"line":7,"column":13},"end":{"line":7,"column":26}}},"fnMap":{"0":{"name":"(anonymous_1)","decl":{"start":{"line":7,"column":0},"end":{"line":7,"column":13}},"loc":{"start":{"line":7,"column":0},"end":{"line":39,"column":1}}},"1":{"name":"(anonymous_2)","decl":{"start":{"line":10,"column":4},"end":{"line":10,"column":10}},"loc":{"start":{"line":10,"column":10},"end":{"line":12,"column":5}}},"2":{"name":"(anonymous_3)","decl":{"start":{"line":14,"column":4},"end":{"line":14,"column":10}},"loc":{"start":{"line":14,"column":22},"end":{"line":20,"column":5}}},"3":{"name":"(anonymous_4)","decl":{"start":{"line":15,"column":39},"end":{"line":15,"column":44}},"loc":{"start":{"line":15,"column":48},"end":{"line":15,"column":64}}},"4":{"name":"(anonymous_5)","decl":{"start":{"line":22,"column":4},"end":{"line":22,"column":13}},"loc":{"start":{"line":22,"column":24},"end":{"line":25,"column":5}}},"5":{"name":"(anonymous_6)","decl":{"start":{"line":24,"column":41},"end":{"line":24,"column":46}},"loc":{"start":{"line":24,"column":50},"end":{"line":24,"column":65}}},"6":{"name":"(anonymous_7)","decl":{"start":{"line":27,"column":4},"end":{"line":27,"column":10}},"loc":{"start":{"line":27,"column":37},"end":{"line":32,"column":5}}},"7":{"name":"(anonymous_8)","decl":{"start":{"line":34,"column":4},"end":{"line":34,"column":10}},"loc":{"start":{"line":34,"column":51},"end":{"line":38,"column":5}}}},"branchMap":{"0":{"loc":{"start":{"line":16,"column":8},"end":{"line":18,"column":null}},"type":"if","locations":[{"start":{"line":16,"column":8},"end":{"line":18,"column":null}}]}},"s":{"0":1,"1":1,"2":8,"3":5,"4":7,"5":5,"6":7,"7":2,"8":5,"9":3,"10":2,"11":2,"12":4,"13":1,"14":1,"15":1,"16":1,"17":1},"f":{"0":8,"1":5,"2":7,"3":5,"4":3,"5":2,"6":4,"7":1},"b":{"0":[2]}}
,"/home/dev/NHK/OJT/Nest/nest-test/test-project/src/movies/entities/movie.entity.ts": {"path":"/home/dev/NHK/OJT/Nest/nest-test/test-project/src/movies/entities/movie.entity.ts","statementMap":{"0":{"start":{"line":1,"column":0},"end":{"line":1,"column":13}}},"fnMap":{},"branchMap":{},"s":{"0":0},"f":{},"b":{}}
}
